c:\dev\projects\opengl\opengl\x64\debug\vc143.pdb
c:\dev\projects\opengl\opengl\x64\debug\vc143.idb
c:\dev\projects\opengl\opengl\x64\debug\main.obj
c:\dev\projects\opengl\opengl\x64\debug\opengl.ilk
c:\dev\projects\opengl\x64\debug\opengl.pdb
c:\dev\projects\opengl\opengl\x64\debug\opengl.tlog\cl.command.1.tlog
c:\dev\projects\opengl\opengl\x64\debug\opengl.tlog\cl.items.tlog
c:\dev\projects\opengl\opengl\x64\debug\opengl.tlog\cl.read.1.tlog
c:\dev\projects\opengl\opengl\x64\debug\opengl.tlog\cl.write.1.tlog
c:\dev\projects\opengl\opengl\x64\debug\opengl.tlog\link-cvtres.read.1.tlog
c:\dev\projects\opengl\opengl\x64\debug\opengl.tlog\link-cvtres.write.1.tlog
c:\dev\projects\opengl\opengl\x64\debug\opengl.tlog\link-rc.read.1.tlog
c:\dev\projects\opengl\opengl\x64\debug\opengl.tlog\link-rc.write.1.tlog
c:\dev\projects\opengl\opengl\x64\debug\opengl.tlog\link.31796-cvtres.read.1.tlog
c:\dev\projects\opengl\opengl\x64\debug\opengl.tlog\link.31796-cvtres.write.1.tlog
c:\dev\projects\opengl\opengl\x64\debug\opengl.tlog\link.31796-rc.read.1.tlog
c:\dev\projects\opengl\opengl\x64\debug\opengl.tlog\link.31796-rc.write.1.tlog
c:\dev\projects\opengl\opengl\x64\debug\opengl.tlog\link.31796.read.1.tlog
c:\dev\projects\opengl\opengl\x64\debug\opengl.tlog\link.31796.read.2.tlog
c:\dev\projects\opengl\opengl\x64\debug\opengl.tlog\link.31796.read.3.tlog
c:\dev\projects\opengl\opengl\x64\debug\opengl.tlog\link.31796.read.4.tlog
c:\dev\projects\opengl\opengl\x64\debug\opengl.tlog\link.31796.write.1.tlog
c:\dev\projects\opengl\opengl\x64\debug\opengl.tlog\link.command.1.tlog
c:\dev\projects\opengl\opengl\x64\debug\opengl.tlog\link.read.1.tlog
c:\dev\projects\opengl\opengl\x64\debug\opengl.tlog\link.read.2.tlog
c:\dev\projects\opengl\opengl\x64\debug\opengl.tlog\link.read.3.tlog
c:\dev\projects\opengl\opengl\x64\debug\opengl.tlog\link.read.4.tlog
c:\dev\projects\opengl\opengl\x64\debug\opengl.tlog\link.secondary.1.tlog
c:\dev\projects\opengl\opengl\x64\debug\opengl.tlog\link.write.1.tlog
